<?xml version="1.0" encoding="UTF-8"?>
<testng-results ignored="0" total="9" passed="9" failed="0" skipped="0">
  <reporter-output>
  </reporter-output>
  <suite started-at="2022-08-14T19:06:04 IST" name="Suite A" finished-at="2022-08-14T19:06:04 IST" duration-ms="230">
    <groups>
    </groups>
    <test started-at="2022-08-14T19:06:04 IST" name="Login Test" finished-at="2022-08-14T19:06:04 IST" duration-ms="94">
      <class name="testcases.suitea.LoginTest">
        <test-method is-config="true" signature="init()[pri:0, instance:testcases.suitea.LoginTest@306f16f3]" started-at="2022-08-14T19:06:04 IST" name="init" finished-at="2022-08-14T19:06:04 IST" duration-ms="13" status="PASS">
          <reporter-output>
          </reporter-output>
        </test-method> <!-- init -->
        <test-method is-config="true" signature="beforeMeth()[pri:0, instance:testcases.suitea.LoginTest@306f16f3]" started-at="2022-08-14T19:06:04 IST" name="beforeMeth" finished-at="2022-08-14T19:06:04 IST" duration-ms="1" status="PASS">
          <reporter-output>
          </reporter-output>
        </test-method> <!-- beforeMeth -->
        <test-method signature="getData(java.lang.reflect.Method)[pri:0, instance:testcases.suitea.LoginTest@306f16f3]" started-at="2022-08-14T19:06:04 IST" name="getData" finished-at="2022-08-14T19:06:04 IST" duration-ms="8" status="PASS">
          <params>
            <param index="0">
              <value>
                <![CDATA[public static void testcases.suitea.LoginTest.getData(java.lang.reflect.Method)]]>
              </value>
            </param>
          </params>
          <reporter-output>
          </reporter-output>
        </test-method> <!-- getData -->
        <test-method is-config="true" signature="afterMeth()[pri:0, instance:testcases.suitea.LoginTest@306f16f3]" started-at="2022-08-14T19:06:04 IST" name="afterMeth" finished-at="2022-08-14T19:06:04 IST" duration-ms="1" status="PASS">
          <reporter-output>
          </reporter-output>
        </test-method> <!-- afterMeth -->
        <test-method is-config="true" signature="beforeMeth()[pri:0, instance:testcases.suitea.LoginTest@306f16f3]" started-at="2022-08-14T19:06:04 IST" name="beforeMeth" finished-at="2022-08-14T19:06:04 IST" duration-ms="0" status="PASS">
          <reporter-output>
          </reporter-output>
        </test-method> <!-- beforeMeth -->
        <test-method signature="loginTest(org.testng.ITestContext)[pri:0, instance:testcases.suitea.LoginTest@306f16f3]" started-at="2022-08-14T19:06:04 IST" name="loginTest" finished-at="2022-08-14T19:06:04 IST" duration-ms="2" status="PASS">
          <params>
            <param index="0">
              <value>
                <![CDATA[org.testng.TestRunner@6bbe85a8]]>
              </value>
            </param>
          </params>
          <reporter-output>
          </reporter-output>
        </test-method> <!-- loginTest -->
        <test-method is-config="true" signature="afterMeth()[pri:0, instance:testcases.suitea.LoginTest@306f16f3]" started-at="2022-08-14T19:06:04 IST" name="afterMeth" finished-at="2022-08-14T19:06:04 IST" duration-ms="1" status="PASS">
          <reporter-output>
          </reporter-output>
        </test-method> <!-- afterMeth -->
        <test-method is-config="true" signature="beforeMeth()[pri:0, instance:testcases.suitea.LoginTest@306f16f3]" started-at="2022-08-14T19:06:04 IST" name="beforeMeth" finished-at="2022-08-14T19:06:04 IST" duration-ms="0" status="PASS">
          <reporter-output>
          </reporter-output>
        </test-method> <!-- beforeMeth -->
        <test-method signature="logout()[pri:0, instance:testcases.suitea.LoginTest@306f16f3]" started-at="2022-08-14T19:06:04 IST" name="logout" finished-at="2022-08-14T19:06:04 IST" duration-ms="1" status="PASS">
          <reporter-output>
          </reporter-output>
        </test-method> <!-- logout -->
        <test-method is-config="true" signature="afterMeth()[pri:0, instance:testcases.suitea.LoginTest@306f16f3]" started-at="2022-08-14T19:06:04 IST" name="afterMeth" finished-at="2022-08-14T19:06:04 IST" duration-ms="1" status="PASS">
          <reporter-output>
          </reporter-output>
        </test-method> <!-- afterMeth -->
        <test-method is-config="true" signature="quit()[pri:0, instance:testcases.suitea.LoginTest@306f16f3]" started-at="2022-08-14T19:06:04 IST" name="quit" finished-at="2022-08-14T19:06:04 IST" duration-ms="0" status="PASS">
          <reporter-output>
          </reporter-output>
        </test-method> <!-- quit -->
      </class> <!-- testcases.suitea.LoginTest -->
    </test> <!-- Login Test -->
    <test started-at="2022-08-14T19:06:04 IST" name="Create User Test" finished-at="2022-08-14T19:06:04 IST" duration-ms="26">
      <class name="testcases.suitea.CreateUser">
        <test-method signature="createUser(java.lang.String,java.lang.String,int,java.lang.String)[pri:0, instance:testcases.suitea.CreateUser@16610890]" started-at="2022-08-14T19:06:04 IST" name="createUser" data-provider="getData" finished-at="2022-08-14T19:06:04 IST" duration-ms="2" status="PASS">
          <params>
            <param index="0">
              <value>
                <![CDATA[Chrome]]>
              </value>
            </param>
            <param index="1">
              <value>
                <![CDATA[Admin]]>
              </value>
            </param>
            <param index="2">
              <value>
                <![CDATA[234244]]>
              </value>
            </param>
            <param index="3">
              <value>
                <![CDATA[email1@somedomain.com]]>
              </value>
            </param>
          </params>
          <reporter-output>
          </reporter-output>
        </test-method> <!-- createUser -->
        <test-method signature="createUser(java.lang.String,java.lang.String,int,java.lang.String)[pri:0, instance:testcases.suitea.CreateUser@16610890]" started-at="2022-08-14T19:06:04 IST" name="createUser" data-provider="getData" finished-at="2022-08-14T19:06:04 IST" duration-ms="1" status="PASS">
          <params>
            <param index="0">
              <value>
                <![CDATA[Mozilla]]>
              </value>
            </param>
            <param index="1">
              <value>
                <![CDATA[SuperAdmin]]>
              </value>
            </param>
            <param index="2">
              <value>
                <![CDATA[123123]]>
              </value>
            </param>
            <param index="3">
              <value>
                <![CDATA[email2@somedomain.com]]>
              </value>
            </param>
          </params>
          <reporter-output>
          </reporter-output>
        </test-method> <!-- createUser -->
        <test-method signature="createUser(java.lang.String,java.lang.String,int,java.lang.String)[pri:0, instance:testcases.suitea.CreateUser@16610890]" started-at="2022-08-14T19:06:04 IST" name="createUser" data-provider="getData" finished-at="2022-08-14T19:06:04 IST" duration-ms="1" status="PASS">
          <params>
            <param index="0">
              <value>
                <![CDATA[ie]]>
              </value>
            </param>
            <param index="1">
              <value>
                <![CDATA[User]]>
              </value>
            </param>
            <param index="2">
              <value>
                <![CDATA[345435]]>
              </value>
            </param>
            <param index="3">
              <value>
                <![CDATA[email3@somedomain.com]]>
              </value>
            </param>
          </params>
          <reporter-output>
          </reporter-output>
        </test-method> <!-- createUser -->
        <test-method signature="deleteUser(java.lang.String,java.lang.String,int,java.lang.String)[pri:0, instance:testcases.suitea.CreateUser@16610890]" started-at="2022-08-14T19:06:04 IST" name="deleteUser" data-provider="getData" finished-at="2022-08-14T19:06:04 IST" duration-ms="1" status="PASS">
          <params>
            <param index="0">
              <value>
                <![CDATA[Chrome]]>
              </value>
            </param>
            <param index="1">
              <value>
                <![CDATA[Admin]]>
              </value>
            </param>
            <param index="2">
              <value>
                <![CDATA[234244]]>
              </value>
            </param>
            <param index="3">
              <value>
                <![CDATA[email1@somedomain.com]]>
              </value>
            </param>
          </params>
          <reporter-output>
          </reporter-output>
        </test-method> <!-- deleteUser -->
        <test-method signature="deleteUser(java.lang.String,java.lang.String,int,java.lang.String)[pri:0, instance:testcases.suitea.CreateUser@16610890]" started-at="2022-08-14T19:06:04 IST" name="deleteUser" data-provider="getData" finished-at="2022-08-14T19:06:04 IST" duration-ms="2" status="PASS">
          <params>
            <param index="0">
              <value>
                <![CDATA[Mozilla]]>
              </value>
            </param>
            <param index="1">
              <value>
                <![CDATA[SuperAdmin]]>
              </value>
            </param>
            <param index="2">
              <value>
                <![CDATA[123123]]>
              </value>
            </param>
            <param index="3">
              <value>
                <![CDATA[email2@somedomain.com]]>
              </value>
            </param>
          </params>
          <reporter-output>
          </reporter-output>
        </test-method> <!-- deleteUser -->
        <test-method signature="deleteUser(java.lang.String,java.lang.String,int,java.lang.String)[pri:0, instance:testcases.suitea.CreateUser@16610890]" started-at="2022-08-14T19:06:04 IST" name="deleteUser" data-provider="getData" finished-at="2022-08-14T19:06:04 IST" duration-ms="1" status="PASS">
          <params>
            <param index="0">
              <value>
                <![CDATA[ie]]>
              </value>
            </param>
            <param index="1">
              <value>
                <![CDATA[User]]>
              </value>
            </param>
            <param index="2">
              <value>
                <![CDATA[345435]]>
              </value>
            </param>
            <param index="3">
              <value>
                <![CDATA[email3@somedomain.com]]>
              </value>
            </param>
          </params>
          <reporter-output>
          </reporter-output>
        </test-method> <!-- deleteUser -->
      </class> <!-- testcases.suitea.CreateUser -->
    </test> <!-- Create User Test -->
  </suite> <!-- Suite A -->
</testng-results>
